<?xml version="1.0" encoding="UTF-8"?>
<!-- Generated by org.testng.reporters.JUnitReportReporter -->
<testsuite hostname="Saran" failures="0" tests="1" name="com.selenium.mcp.SampleTest" time="2.229" errors="0" timestamp="2025-10-23T13:29:01 IST" skipped="0">
  <testcase classname="com.selenium.mcp.SampleTest" name="sauceDemoLoginAndAddToCart" time="2.229"/>
</testsuite> <!-- com.selenium.mcp.SampleTest -->
